<?xml version="1.0" encoding="UTF-8"?>
<!-- Generated by org.testng.reporters.JUnitXMLReporter -->
<testsuite ignored="0" hostname="DESKTOP-2BDNIKN" failures="0" tests="9" name="Surefire test" time="25.606" errors="0" timestamp="2024-09-03T13:00:45 MSK">
  <testcase classname="org.example.CheckOnlineReplenishmentTest" name="testAreaLogoDisplay" time="0.243"/>
  <testcase classname="org.example.CheckOnlineReplenishmentTest" name="testCheckTitleName" time="0.088"/>
  <testcase classname="org.example.CheckOnlineReplenishmentTest" name="testClickServiceLink" time="2.789"/>
  <testcase classname="org.example.CheckOnlineReplenishmentTest" name="testFillServiceDetailsFrame" time="4.223"/>
  <testcase classname="org.example.CheckOnlineReplenishmentTest" name="testFillServiceDetailsNext" time="0.025"/>
  <testcase classname="org.example.CheckPlaceholdersTest" name="testGetInputPlaceholdersCredit" time="0.668"/>
  <testcase classname="org.example.CheckPlaceholdersTest" name="testGetInputPlaceholdersDebt" time="0.578"/>
  <testcase classname="org.example.CheckPlaceholdersTest" name="testGetInputPlaceholdersHomeInternet" time="0.561"/>
  <testcase classname="org.example.CheckPlaceholdersTest" name="testGetInputPlaceholdersService" time="0.564"/>
</testsuite> <!-- Surefire test -->
