<?xml version="1.0" encoding="UTF-8"?>
<testsuite xmlns:xsi="http://www.w3.org/2001/XMLSchema-instance" xsi:noNamespaceSchemaLocation="https://maven.apache.org/surefire/maven-surefire-plugin/xsd/surefire-test-report-3.0.xsd" version="3.0" name="TestSuite" time="27.734" tests="9" errors="0" skipped="0" failures="0">
  <properties>
[...]
</properties>
  <testcase name="testAreaLogoDisplay" classname="org.example.CheckOnlineReplenishmentTest" time="0.504">
    <system-err><![CDATA[SLF4J: Failed to load class "org.slf4j.impl.StaticLoggerBinder".
SLF4J: Defaulting to no-operation (NOP) logger implementation
SLF4J: See http://www.slf4j.org/codes.html#StaticLoggerBinder for further details.
Starting ChromeDriver 128.0.6613.84 (606aa55c7d687518d34b55accc5a71ea0bd28727-refs/branch-heads/6613@{#1335}) on port 43364
Only local connections are allowed.
Please see https://chromedriver.chromium.org/security-considerations for suggestions on keeping ChromeDriver safe.
ChromeDriver was started successfully on port 43364.
сент. 03, 2024 1:00:22 PM org.openqa.selenium.remote.ProtocolHandshake createSession
INFO: Detected dialect: W3C
]]></system-err>
  </testcase>
  <testcase name="testCheckTitleName" classname="org.example.CheckOnlineReplenishmentTest" time="0.088"/>
  <testcase name="testClickServiceLink" classname="org.example.CheckOnlineReplenishmentTest" time="2.792"/>
  <testcase name="testFillServiceDetailsFrame" classname="org.example.CheckOnlineReplenishmentTest" time="4.225"/>
  <testcase name="testFillServiceDetailsNext" classname="org.example.CheckOnlineReplenishmentTest" time="0.031">
    <system-out><![CDATA[Элемент не найден на странице
]]></system-out>
  </testcase>
  <testcase name="testGetInputPlaceholdersCredit" classname="org.example.CheckPlaceholdersTest" time="0.671">
    <system-err><![CDATA[Starting ChromeDriver 128.0.6613.84 (606aa55c7d687518d34b55accc5a71ea0bd28727-refs/branch-heads/6613@{#1335}) on port 19053
Only local connections are allowed.
Please see https://chromedriver.chromium.org/security-considerations for suggestions on keeping ChromeDriver safe.
ChromeDriver was started successfully on port 19053.
сент. 03, 2024 1:00:37 PM org.openqa.selenium.remote.ProtocolHandshake createSession
INFO: Detected dialect: W3C
]]></system-err>
  </testcase>
  <testcase name="testGetInputPlaceholdersDebt" classname="org.example.CheckPlaceholdersTest" time="0.581"/>
  <testcase name="testGetInputPlaceholdersHomeInternet" classname="org.example.CheckPlaceholdersTest" time="0.563"/>
  <testcase name="testGetInputPlaceholdersService" classname="org.example.CheckPlaceholdersTest" time="0.567"/>
</testsuite>